Traceback (most recent call last):
  File "C:\Users\wkthompson\miniconda3\lib\site-packages\jupyter_cache\executors\utils.py", line 51, in single_nb_execution
    executenb(
  File "C:\Users\wkthompson\miniconda3\lib\site-packages\nbclient\client.py", line 1204, in execute
    return NotebookClient(nb=nb, resources=resources, km=km, **kwargs).execute()
  File "C:\Users\wkthompson\miniconda3\lib\site-packages\nbclient\util.py", line 84, in wrapped
    return just_run(coro(*args, **kwargs))
  File "C:\Users\wkthompson\miniconda3\lib\site-packages\nbclient\util.py", line 62, in just_run
    return loop.run_until_complete(coro)
  File "C:\Users\wkthompson\miniconda3\lib\asyncio\base_events.py", line 649, in run_until_complete
    return future.result()
  File "C:\Users\wkthompson\miniconda3\lib\site-packages\nbclient\client.py", line 663, in async_execute
    await self.async_execute_cell(
  File "C:\Users\wkthompson\miniconda3\lib\site-packages\nbclient\client.py", line 965, in async_execute_cell
    await self._check_raise_for_error(cell, cell_index, exec_reply)
  File "C:\Users\wkthompson\miniconda3\lib\site-packages\nbclient\client.py", line 862, in _check_raise_for_error
    raise CellExecutionError.from_cell_and_msg(cell, exec_reply_content)
nbclient.exceptions.CellExecutionError: An error occurred while executing the following cell:
------------------
df = pd.read_parquet("./output/parquet/url_twitch_test")
print(df.shape)
df.head()
------------------

[1;31m---------------------------------------------------------------------------[0m
[1;31mFileNotFoundError[0m                         Traceback (most recent call last)
Cell [1;32mIn[7], line 1[0m
[1;32m----> 1[0m df [38;5;241m=[39m [43mpd[49m[38;5;241;43m.[39;49m[43mread_parquet[49m[43m([49m[38;5;124;43m"[39;49m[38;5;124;43m./output/parquet/url_twitch_test[39;49m[38;5;124;43m"[39;49m[43m)[49m
[0;32m      2[0m [38;5;28mprint[39m(df[38;5;241m.[39mshape)
[0;32m      3[0m df[38;5;241m.[39mhead()

File [1;32m~\miniconda3\lib\site-packages\pandas\io\parquet.py:503[0m, in [0;36mread_parquet[1;34m(path, engine, columns, storage_options, use_nullable_dtypes, **kwargs)[0m
[0;32m    456[0m [38;5;124;03m"""[39;00m
[0;32m    457[0m [38;5;124;03mLoad a parquet object from the file path, returning a DataFrame.[39;00m
[0;32m    458[0m 
[1;32m   (...)[0m
[0;32m    499[0m [38;5;124;03mDataFrame[39;00m
[0;32m    500[0m [38;5;124;03m"""[39;00m
[0;32m    501[0m impl [38;5;241m=[39m get_engine(engine)
[1;32m--> 503[0m [38;5;28;01mreturn[39;00m impl[38;5;241m.[39mread(
[0;32m    504[0m     path,
[0;32m    505[0m     columns[38;5;241m=[39mcolumns,
[0;32m    506[0m     storage_options[38;5;241m=[39mstorage_options,
[0;32m    507[0m     use_nullable_dtypes[38;5;241m=[39muse_nullable_dtypes,
[0;32m    508[0m     [38;5;241m*[39m[38;5;241m*[39mkwargs,
[0;32m    509[0m )

File [1;32m~\miniconda3\lib\site-packages\pandas\io\parquet.py:244[0m, in [0;36mPyArrowImpl.read[1;34m(self, path, columns, use_nullable_dtypes, storage_options, **kwargs)[0m
[0;32m    241[0m [38;5;28;01mif[39;00m manager [38;5;241m==[39m [38;5;124m"[39m[38;5;124marray[39m[38;5;124m"[39m:
[0;32m    242[0m     to_pandas_kwargs[[38;5;124m"[39m[38;5;124msplit_blocks[39m[38;5;124m"[39m] [38;5;241m=[39m [38;5;28;01mTrue[39;00m  [38;5;66;03m# type: ignore[assignment][39;00m
[1;32m--> 244[0m path_or_handle, handles, kwargs[[38;5;124m"[39m[38;5;124mfilesystem[39m[38;5;124m"[39m] [38;5;241m=[39m [43m_get_path_or_handle[49m[43m([49m
[0;32m    245[0m [43m    [49m[43mpath[49m[43m,[49m
[0;32m    246[0m [43m    [49m[43mkwargs[49m[38;5;241;43m.[39;49m[43mpop[49m[43m([49m[38;5;124;43m"[39;49m[38;5;124;43mfilesystem[39;49m[38;5;124;43m"[39;49m[43m,[49m[43m [49m[38;5;28;43;01mNone[39;49;00m[43m)[49m[43m,[49m
[0;32m    247[0m [43m    [49m[43mstorage_options[49m[38;5;241;43m=[39;49m[43mstorage_options[49m[43m,[49m
[0;32m    248[0m [43m    [49m[43mmode[49m[38;5;241;43m=[39;49m[38;5;124;43m"[39;49m[38;5;124;43mrb[39;49m[38;5;124;43m"[39;49m[43m,[49m
[0;32m    249[0m [43m[49m[43m)[49m
[0;32m    250[0m [38;5;28;01mtry[39;00m:
[0;32m    251[0m     result [38;5;241m=[39m [38;5;28mself[39m[38;5;241m.[39mapi[38;5;241m.[39mparquet[38;5;241m.[39mread_table(
[0;32m    252[0m         path_or_handle, columns[38;5;241m=[39mcolumns, [38;5;241m*[39m[38;5;241m*[39mkwargs
[0;32m    253[0m     )[38;5;241m.[39mto_pandas([38;5;241m*[39m[38;5;241m*[39mto_pandas_kwargs)

File [1;32m~\miniconda3\lib\site-packages\pandas\io\parquet.py:102[0m, in [0;36m_get_path_or_handle[1;34m(path, fs, storage_options, mode, is_dir)[0m
[0;32m     92[0m handles [38;5;241m=[39m [38;5;28;01mNone[39;00m
[0;32m     93[0m [38;5;28;01mif[39;00m (
[0;32m     94[0m     [38;5;129;01mnot[39;00m fs
[0;32m     95[0m     [38;5;129;01mand[39;00m [38;5;129;01mnot[39;00m is_dir
[1;32m   (...)[0m
[0;32m    100[0m     [38;5;66;03m# fsspec resources can also point to directories[39;00m
[0;32m    101[0m     [38;5;66;03m# this branch is used for example when reading from non-fsspec URLs[39;00m
[1;32m--> 102[0m     handles [38;5;241m=[39m [43mget_handle[49m[43m([49m
[0;32m    103[0m [43m        [49m[43mpath_or_handle[49m[43m,[49m[43m [49m[43mmode[49m[43m,[49m[43m [49m[43mis_text[49m[38;5;241;43m=[39;49m[38;5;28;43;01mFalse[39;49;00m[43m,[49m[43m [49m[43mstorage_options[49m[38;5;241;43m=[39;49m[43mstorage_options[49m
[0;32m    104[0m [43m    [49m[43m)[49m
[0;32m    105[0m     fs [38;5;241m=[39m [38;5;28;01mNone[39;00m
[0;32m    106[0m     path_or_handle [38;5;241m=[39m handles[38;5;241m.[39mhandle

File [1;32m~\miniconda3\lib\site-packages\pandas\io\common.py:865[0m, in [0;36mget_handle[1;34m(path_or_buf, mode, encoding, compression, memory_map, is_text, errors, storage_options)[0m
[0;32m    856[0m         handle [38;5;241m=[39m [38;5;28mopen[39m(
[0;32m    857[0m             handle,
[0;32m    858[0m             ioargs[38;5;241m.[39mmode,
[1;32m   (...)[0m
[0;32m    861[0m             newline[38;5;241m=[39m[38;5;124m"[39m[38;5;124m"[39m,
[0;32m    862[0m         )
[0;32m    863[0m     [38;5;28;01melse[39;00m:
[0;32m    864[0m         [38;5;66;03m# Binary mode[39;00m
[1;32m--> 865[0m         handle [38;5;241m=[39m [38;5;28;43mopen[39;49m[43m([49m[43mhandle[49m[43m,[49m[43m [49m[43mioargs[49m[38;5;241;43m.[39;49m[43mmode[49m[43m)[49m
[0;32m    866[0m     handles[38;5;241m.[39mappend(handle)
[0;32m    868[0m [38;5;66;03m# Convert BytesIO or file objects passed with an encoding[39;00m

[1;31mFileNotFoundError[0m: [Errno 2] No such file or directory: './output/parquet/url_twitch_test'
FileNotFoundError: [Errno 2] No such file or directory: './output/parquet/url_twitch_test'

